<?xml version="1.0" encoding="UTF-8"?>
<!-- Generated by org.testng.reporters.JUnitXMLReporter -->
<testsuite hostname="LAPTOP-NUSCDGP7" ignored="0" name="test4" tests="4" failures="0" timestamp="2021-12-20T14:40:03 IST" time="0.01" errors="0">
  <testcase name="sree1" time="0.001" classname="practiseTestNG.TestNG6"/>
  <testcase name="sree2" time="0.001" classname="practiseTestNG.TestNG6"/>
  <testcase name="sree3" time="0.001" classname="practiseTestNG.TestNG6"/>
  <testcase name="sree4" time="0.002" classname="practiseTestNG.TestNG6"/>
</testsuite> <!-- test4 -->
