<?xml version="1.0" encoding="UTF-8"?>
<!-- Generated by org.testng.reporters.JUnitXMLReporter -->
<testsuite hostname="LAPTOP-NUSCDGP7" ignored="1" name="Test" tests="3" failures="0" timestamp="2021-12-15T16:07:01 IST" time="0.038" errors="0">
  <testcase name="testmethod1" time="0.005" classname="practiseTestNG.TestNG8"/>
  <testcase name="testmethod2" time="0.001" classname="practiseTestNG.TestNG8"/>
  <testcase name="testmethod4" time="0.001" classname="practiseTestNG.TestNG8"/>
  <testcase name="testmethod3" time="0.0" classname="practiseTestNG.TestNG8">
    <ignored/>
  </testcase> <!-- testmethod3 -->
</testsuite> <!-- Test -->
