<?xml version="1.0" encoding="UTF-8"?>
<!-- Generated by org.testng.reporters.JUnitXMLReporter -->
<testsuite hostname="LAPTOP-NUSCDGP7" ignored="0" name="Test1" tests="4" failures="3" timestamp="2022-01-03T11:17:45 IST" time="3.058" errors="0">
  <testcase name="openBrowser" time="2.997" classname="test.EmailTestClass"/>
  <testcase name="launchSite" time="0.002" classname="test.EmailTestClass">
    <failure type="java.lang.NullPointerException">
      <![CDATA[java.lang.NullPointerException
at test.EmailTestClass.launchSite(EmailTestClass.java:29)
at java.util.ArrayList.forEach(Unknown Source)
... Removed 27 stack frames]]>
    </failure>
  </testcase> <!-- launchSite -->
  <testcase name="login" time="0.005" classname="test.EmailTestClass">
    <failure type="java.lang.NullPointerException">
      <![CDATA[java.lang.NullPointerException
at test.EmailTestClass.login(EmailTestClass.java:37)
at java.util.ArrayList.forEach(Unknown Source)
... Removed 27 stack frames]]>
    </failure>
  </testcase> <!-- login -->
  <testcase name="noMails" time="0.003" classname="test.EmailTestClass">
    <failure type="java.lang.NullPointerException">
      <![CDATA[java.lang.NullPointerException
at test.EmailTestClass.noMails(EmailTestClass.java:47)
at java.util.ArrayList.forEach(Unknown Source)
... Removed 27 stack frames]]>
    </failure>
  </testcase> <!-- noMails -->
</testsuite> <!-- Test1 -->
